Rust → HEXA 렌즈 포팅 청크 3 로그 (2026-04-11)
===============================================

입력: /tmp/lens_chunk_3.txt (53 파일)
원본: /Users/ghost/Dev/n6-architecture/nexus/src/telescope/lenses/<name>.rs
대상: /Users/ghost/Dev/nexus/shared/lenses/<name>.hexa
템플릿: beekeeping_colony_division.hexa (SIGMA=12 PHI=2 N=6 TAU=4 SOPFR=5 J2=24)
항등식: σ·φ = n·τ = J₂

총계: 53 시도 / 53 성공 / 0 스킵 / 0 실패
기존 84 HEXA 중복 없음 (d~f 범위 신규).

성공 목록 (알파벳순):
 1. dead_code_lens.hexa                 category=compiler  axis=dead dim/unreachable/dead alloc
 2. density_lens.hexa                   category=T1        axis=kNN 밀도
 3. dentistry_lens.hexa                 category=T1        axis=quadrant·tooth·root·canal·occlusal
 4. destiny_lens.hexa                   category=T1        axis=trajectory·attractor·bifurcation
 5. diamond_lens.hexa                   category=T1        axis=sp3 tetrahedral·C Z=6
 6. dice_entropy_lens.hexa              category=T1        axis=H=ln(6)
 7. dice_probability_lens.hexa          category=T1        axis=P=1/6·σ·φ 합
 8. digital_twin_lens.hexa              category=T1        axis=IoT/ISO23247/5G/OPC UA 12 상수
 9. dimension_reduction_lens.hexa       category=T1        axis=PCA intrinsic dim
10. dimensional_bridge_lens.hexa        category=T1        axis=cross-dim MI
11. dimensional_perception_lens.hexa    category=T1        axis=plenoptic·Tesseract·SE(3)·Calabi-Yau
12. discovery_lens.hexa                 category=T1        axis=상수/수식 자동 발견
13. discovery_report_lens.hexa          category=T1        axis=BT 합의 3+/7+/12+
14. divergence_lens.hexa                category=T1        axis=KL/JS
15. drug_receptor_lens.hexa             category=T1        axis=배위수 n·K_d
16. earthquake_seismic_lens.hexa        category=T1        axis=Richter·P/S·moment
17. ecological_niche_lens.hexa          category=T1        axis=6 계층·σ 군집
18. element_combination_lens.hexa       category=T1        axis=친화·정수비·촉매
19. element_lens.hexa                   category=T1        axis=원소 주기·C Z=6
20. em_lens.hexa                        category=T1        axis=gradient·divergence
21. emergence_lens.hexa                 category=T1        axis=density attractor
22. emotion_field_lens.hexa             category=T1        axis=arousal·VAD·18 감정
23. engine_discovery_lens.hexa          category=T1        axis=optimal engine
24. entropy_lens.hexa                   category=T1        axis=Shannon·Renyi·Sample
25. entropy_production_lens.hexa        category=T1        axis=R(6)=σ·φ/(n·τ)=1
26. epidemiology_sir_lens.hexa          category=T1        axis=compartments·R0·herd
27. escape_analysis_lens.hexa           category=compiler  axis=stack demotion·arena
28. euler_golden_perfect_lens.hexa      category=T1        axis=γ+1/(2σ)≈1/φ_golden
29. ev_charging_lens.hexa               category=T1        axis=6 kW·n phase·288 kW
30. event_horizon_lens.hexa             category=T1        axis=horizon·Hawking
31. evolution_lens.hexa                 category=T1        axis=fitness·Pareto
32. exotic_matter_lens.hexa             category=T1        axis=WEC 위반·Casimir 1/σ
33. expanding_scan_lens.hexa            category=T1        axis=multi-scale
34. extrapolation_lens.hexa             category=T1        axis=OLS R²·boundary
35. faction_debate_lens.hexa            category=T1        axis=σ=12 진영·debate
36. falsification_lens.hexa             category=T1        axis=σ·φ=n·τ 위반
37. fermentation_lens.hexa              category=T1        axis=C₆H₁₂O₆·효소·ATP
38. financial_risk_lens.hexa            category=T1        axis=변동성·Basel
39. fish_biology_lens.hexa              category=T1        axis=fin·gill·scale
40. fission_lens.hexa                   category=T1        axis=U-235·Fe-56·CN 12
41. flash_attention_lens_lens.hexa      category=T1        axis=tiling·causal·attention entropy
42. fluid_dynamics_lens.hexa            category=T1        axis=Kolmogorov 5/3=sopfr/n/φ
43. food_chemistry_lens.hexa            category=T1        axis=C₆·B6·amino acid
44. food_web_lens.hexa                  category=T1        axis=6 단계·σ/τ=3
45. forensic_science_lens.hexa          category=T1        axis=DNA loci·ridge·blood
46. forestry_lens.hexa                  category=T1        axis=age class·crown·rotation
47. formula_combination_lens.hexa       category=T1        axis=linear/ratio/power R²
48. fractal_lens.hexa                   category=T1        axis=box-counting·C(r)
49. frustration_lens.hexa               category=T1        axis=spin glass·triangle
50. fun_car_dynamics_lens.hexa          category=T1        axis=Inline-6·6단·6/12/24/48V
51. fusion_lens.hexa                    category=T1        axis=Lawson·1/2+1/3+1/6=1
52. fusion_powerplant_magnet_lens.hexa  category=T1        axis=TF 18·PF 6·Nb₃Sn σ
53. fusion_powerplant_tritium_lens.hexa category=T1        axis=Li-6·T½=σ·TBR

스킵: 없음
실패: 없음

준수 규칙:
- R1 (단일 소스 언어): HEXA v0.1.0 only (.py 금지)
- R14 (SSOT): shared/lenses/ 경로 준수
- R18 (한글): 모든 주석 한글
- R19 (원본 보존): Rust 소스 수정 없음
